<?xml version="1.0" encoding="UTF-8"?>
<testsuite name="com.example.project.LinearCalculatorTest" tests="17" skipped="0" failures="0" errors="0" timestamp="2024-10-18T15:17:53" hostname="codespaces-4fed5a" time="0.215">
  <properties/>
  <testcase name="testGetX1()" classname="com.example.project.LinearCalculatorTest" time="0.048"/>
  <testcase name="testGetX2()" classname="com.example.project.LinearCalculatorTest" time="0.003"/>
  <testcase name="testGetY1()" classname="com.example.project.LinearCalculatorTest" time="0.001"/>
  <testcase name="testGetY2()" classname="com.example.project.LinearCalculatorTest" time="0.001"/>
  <testcase name="testSetX1()" classname="com.example.project.LinearCalculatorTest" time="0.001"/>
  <testcase name="testSetX2()" classname="com.example.project.LinearCalculatorTest" time="0.001"/>
  <testcase name="testSetY1()" classname="com.example.project.LinearCalculatorTest" time="0.001"/>
  <testcase name="testSetY2()" classname="com.example.project.LinearCalculatorTest" time="0.001"/>
  <testcase name="testSlope()" classname="com.example.project.LinearCalculatorTest" time="0.002"/>
  <testcase name="testYint()" classname="com.example.project.LinearCalculatorTest" time="0.001"/>
  <testcase name="testPrintInfo1()" classname="com.example.project.LinearCalculatorTest" time="0.076"/>
  <testcase name="testPrintInfo2()" classname="com.example.project.LinearCalculatorTest" time="0.017"/>
  <testcase name="testPrintInfo3()" classname="com.example.project.LinearCalculatorTest" time="0.005"/>
  <testcase name="testPrintInfo4()" classname="com.example.project.LinearCalculatorTest" time="0.003"/>
  <testcase name="testPrintInfo5()" classname="com.example.project.LinearCalculatorTest" time="0.009"/>
  <testcase name="testPrintInfo6()" classname="com.example.project.LinearCalculatorTest" time="0.007"/>
  <testcase name="testDistance()" classname="com.example.project.LinearCalculatorTest" time="0.001"/>
  <system-out><![CDATA[]]></system-out>
  <system-err><![CDATA[]]></system-err>
</testsuite>
